2024-12-04 22:01:24 INFO  MenuScene:54 - Menu scene shown.
2024-12-04 22:01:27 INFO  MenuScene:42 - Game started with speed level: 1 and snake length: 15
2024-12-04 22:01:27 INFO  SnakeGame:60 - Игра началась с уровнем скорости: 100000000 и начальной длиной змейки: 15
2024-12-04 22:01:28 INFO  SnakeGame:66 - Направление змейки изменено на ВВЕРХ
2024-12-04 22:01:29 INFO  SnakeGame:72 - Направление змейки изменено на ВЛЕВО
2024-12-04 22:01:30 INFO  SnakeGame:69 - Направление змейки изменено на ВНИЗ
2024-12-04 22:01:30 INFO  SnakeGame:75 - Направление змейки изменено на ВПРАВО
2024-12-04 22:01:31 INFO  SnakeGame:66 - Направление змейки изменено на ВВЕРХ
2024-12-04 22:01:32 INFO  SnakeGame:72 - Направление змейки изменено на ВЛЕВО
2024-12-04 22:01:38 INFO  SnakeGame:69 - Направление змейки изменено на ВНИЗ
2024-12-04 22:01:39 INFO  SnakeGame:75 - Направление змейки изменено на ВПРАВО
2024-12-04 22:01:39 INFO  SnakeGame:66 - Направление змейки изменено на ВВЕРХ
2024-12-04 22:01:40 INFO  SnakeGame:72 - Направление змейки изменено на ВЛЕВО
2024-12-04 22:01:40 INFO  SnakeGame:69 - Направление змейки изменено на ВНИЗ
2024-12-04 22:01:41 INFO  SnakeGame:117 - Игра завершена. Показываем окно завершения игры.
2024-12-04 22:01:41 INFO  GameOverWindow:45 - Окно завершения игры отображено.
2024-12-04 22:01:48 INFO  GameOverWindow:29 - Кнопка выхода нажата. Закрытие приложения.
2024-12-04 22:03:17 INFO  MenuScene:54 - Menu scene shown.
2024-12-04 22:03:20 INFO  MenuScene:42 - Game started with speed level: 1 and snake length: 15
2024-12-04 22:03:20 INFO  Snake:31 - Змейка создана с длиной: 15
2024-12-04 22:03:20 INFO  SnakeGame:60 - Игра началась с уровнем скорости: 100000000 и начальной длиной змейки: 15
2024-12-04 22:03:28 INFO  Snake:116 - Направление змейки изменено на: UP
2024-12-04 22:03:28 INFO  SnakeGame:66 - Направление змейки изменено на ВВЕРХ
2024-12-04 22:06:48 INFO  MenuScene:55 - Отображена сцена меню.
2024-12-04 22:06:50 INFO  MenuScene:43 - Игра начата с уровнем скорости: 1 и длиной змейки: 15
2024-12-04 22:06:50 INFO  SnakeGame:60 - Игра началась с уровнем скорости: 100000000 и начальной длиной змейки: 15
2024-12-04 22:06:50 INFO  MenuScene:68 - Игра успешно запущена с уровнем скорости: 1 и длиной змейки: 15
2024-12-04 22:06:57 INFO  SnakeGame:66 - Направление змейки изменено на ВВЕРХ
2024-12-04 22:06:57 INFO  SnakeGame:72 - Направление змейки изменено на ВЛЕВО
2024-12-04 22:06:58 INFO  SnakeGame:69 - Направление змейки изменено на ВНИЗ
2024-12-04 22:06:59 INFO  SnakeGame:72 - Направление змейки изменено на ВЛЕВО
2024-12-04 22:06:59 INFO  SnakeGame:66 - Направление змейки изменено на ВВЕРХ
2024-12-04 22:07:00 INFO  SnakeGame:72 - Направление змейки изменено на ВЛЕВО
2024-12-04 22:07:11 INFO  SnakeGame:69 - Направление змейки изменено на ВНИЗ
2024-12-04 22:07:11 INFO  SnakeGame:75 - Направление змейки изменено на ВПРАВО
2024-12-04 22:07:11 INFO  SnakeGame:66 - Направление змейки изменено на ВВЕРХ
2024-12-04 22:07:11 INFO  SnakeGame:72 - Направление змейки изменено на ВЛЕВО
2024-12-04 22:07:11 INFO  SnakeGame:117 - Игра завершена. Показываем окно завершения игры.
2024-12-04 22:07:11 INFO  GameOverWindow:45 - Окно завершения игры отображено.
2024-12-04 22:07:23 INFO  GameOverWindow:29 - Кнопка выхода нажата. Закрытие приложения.
2024-12-05 14:27:34 INFO  MenuScene:55 - Отображена сцена меню.
2024-12-05 14:27:37 INFO  MenuScene:43 - Игра начата с уровнем скорости: 1 и длиной змейки: 9
2024-12-05 14:27:37 INFO  SnakeGame:60 - Игра началась с уровнем скорости: 100000000 и начальной длиной змейки: 9
2024-12-05 14:27:37 INFO  MenuScene:68 - Игра успешно запущена с уровнем скорости: 1 и длиной змейки: 9
2024-12-05 14:27:42 INFO  SnakeGame:66 - Направление змейки изменено на ВВЕРХ
2024-12-05 14:27:43 INFO  SnakeGame:75 - Направление змейки изменено на ВПРАВО
2024-12-05 14:27:43 INFO  SnakeGame:69 - Направление змейки изменено на ВНИЗ
2024-12-05 14:27:44 INFO  SnakeGame:72 - Направление змейки изменено на ВЛЕВО
2024-12-05 14:27:44 INFO  SnakeGame:66 - Направление змейки изменено на ВВЕРХ
2024-12-05 14:27:44 INFO  SnakeGame:75 - Направление змейки изменено на ВПРАВО
2024-12-05 14:27:45 INFO  SnakeGame:117 - Игра завершена. Показываем окно завершения игры.
2024-12-05 14:27:45 INFO  GameOverWindow:45 - Окно завершения игры отображено.
2024-12-05 14:27:46 INFO  GameOverWindow:29 - Кнопка выхода нажата. Закрытие приложения.
2024-12-06 20:15:37 INFO  MenuScene:72 - Отображена сцена меню.
2024-12-06 20:15:45 INFO  MenuScene:58 - Игра начата с уровнем скорости: 1 и длиной змейки: 15
2024-12-06 20:15:45 INFO  SnakeGame:75 - Игра началась с уровнем скорости: 100000000 и начальной длиной змейки: 15
2024-12-06 20:15:45 INFO  MenuScene:91 - Игра успешно запущена с уровнем скорости: 1 и длиной змейки: 15
2024-12-06 21:12:45 INFO  MenuScene:72 - Отображена сцена меню.
2024-12-06 21:12:49 INFO  MenuScene:58 - Игра начата с уровнем скорости: 1 и длиной змейки: 12
2024-12-06 21:12:49 INFO  SnakeGame:75 - Игра началась с уровнем скорости: 100000000 и начальной длиной змейки: 12
2024-12-06 21:12:49 INFO  MenuScene:91 - Игра успешно запущена с уровнем скорости: 1 и длиной змейки: 12
2024-12-06 21:12:50 INFO  SnakeGame:81 - Направление змейки изменено на ВВЕРХ
2024-12-06 21:12:50 INFO  SnakeGame:87 - Направление змейки изменено на ВЛЕВО
2024-12-06 21:12:50 INFO  SnakeGame:84 - Направление змейки изменено на ВНИЗ
2024-12-06 21:12:50 INFO  SnakeGame:137 - Игра завершена. Показываем окно завершения игры.
2024-12-06 21:12:50 INFO  GameOverWindow:64 - Окно завершения игры отображено.
2024-12-06 21:12:51 INFO  GameOverWindow:46 - Кнопка выхода нажата. Закрытие приложения.
2024-12-10 18:19:29 INFO  LoggerUtil:21 - Отображена сцена меню.
2024-12-10 18:19:31 INFO  LoggerUtil:21 - Игра начата с уровнем скорости: 1 и длиной змейки: 13
2024-12-10 18:19:31 INFO  LoggerUtil:34 - Игра началась с уровнем скорости: 100000000 и начальной длиной змейки: 13
2024-12-10 18:19:31 INFO  LoggerUtil:21 - Игра успешно запущена с уровнем скорости: 1 и длиной змейки: 13
2024-12-10 18:19:37 INFO  LoggerUtil:21 - Направление змейки изменено на ВВЕРХ
2024-12-10 18:19:37 INFO  LoggerUtil:21 - Направление змейки изменено на ВЛЕВО
2024-12-10 18:19:37 INFO  LoggerUtil:21 - Направление змейки изменено на ВНИЗ
2024-12-10 18:19:37 INFO  LoggerUtil:21 - Игра завершена. Показываем окно завершения игры.
2024-12-10 18:19:37 INFO  GameOverWindow:64 - Окно завершения игры отображено.
2024-12-10 18:28:21 INFO  GameOverWindow:70 - Отображена сцена меню.
2024-12-10 18:28:24 INFO  GameOverWindow:56 - Игра начата с уровнем скорости: 1 и длиной змейки: 12
2024-12-10 18:28:24 INFO  GameOverWindow:75 - Игра началась с уровнем скорости: 100000000 и начальной длиной змейки: 12
2024-12-10 18:28:24 INFO  GameOverWindow:89 - Игра успешно запущена с уровнем скорости: 1 и длиной змейки: 12
2024-12-10 18:29:04 INFO  MenuScene:70 - Отображена сцена меню.
2024-12-10 18:29:08 INFO  MenuScene:56 - Игра начата с уровнем скорости: 1 и длиной змейки: 13
2024-12-10 18:29:08 INFO  SnakeGame:75 - Игра началась с уровнем скорости: 100000000 и начальной длиной змейки: 13
2024-12-10 18:29:08 INFO  MenuScene:89 - Игра успешно запущена с уровнем скорости: 1 и длиной змейки: 13
2024-12-10 18:29:12 INFO  SnakeGame:81 - Направление змейки изменено на ВВЕРХ
2024-12-10 18:29:13 INFO  SnakeGame:87 - Направление змейки изменено на ВЛЕВО
2024-12-10 18:29:16 INFO  SnakeGame:84 - Направление змейки изменено на ВНИЗ
2024-12-10 18:29:17 INFO  SnakeGame:90 - Направление змейки изменено на ВПРАВО
2024-12-10 18:29:17 INFO  SnakeGame:81 - Направление змейки изменено на ВВЕРХ
2024-12-10 18:29:17 INFO  SnakeGame:137 - Игра завершена. Показываем окно завершения игры.
2024-12-10 18:29:17 INFO  GameOverWindow:64 - Окно завершения игры отображено.
2024-12-10 18:29:23 INFO  GameOverWindow:46 - Кнопка выхода нажата. Закрытие приложения.
2024-12-12 18:27:00 INFO  MenuScene:70 - Отображена сцена меню.
2024-12-12 18:27:06 INFO  MenuScene:56 - Игра начата с уровнем скорости: 1 и длиной змейки: 3
2024-12-12 18:27:06 INFO  SnakeGame:75 - Игра началась с уровнем скорости: 100000000 и начальной длиной змейки: 3
2024-12-12 18:27:06 INFO  MenuScene:89 - Игра успешно запущена с уровнем скорости: 1 и длиной змейки: 3
2024-12-12 18:27:08 INFO  SnakeGame:81 - Направление змейки изменено на ВВЕРХ
2024-12-12 18:27:08 INFO  SnakeGame:87 - Направление змейки изменено на ВЛЕВО
2024-12-12 18:27:17 INFO  MenuScene:70 - Отображена сцена меню.
2024-12-12 18:27:20 INFO  MenuScene:56 - Игра начата с уровнем скорости: 1 и длиной змейки: 15
2024-12-12 18:27:20 INFO  SnakeGame:75 - Игра началась с уровнем скорости: 100000000 и начальной длиной змейки: 15
2024-12-12 18:27:20 INFO  MenuScene:89 - Игра успешно запущена с уровнем скорости: 1 и длиной змейки: 15
2024-12-12 18:27:21 INFO  SnakeGame:81 - Направление змейки изменено на ВВЕРХ
2024-12-12 18:27:21 INFO  SnakeGame:87 - Направление змейки изменено на ВЛЕВО
2024-12-12 18:27:22 INFO  SnakeGame:84 - Направление змейки изменено на ВНИЗ
2024-12-12 18:27:23 INFO  SnakeGame:90 - Направление змейки изменено на ВПРАВО
2024-12-12 18:27:24 INFO  SnakeGame:81 - Направление змейки изменено на ВВЕРХ
2024-12-12 18:27:24 INFO  SnakeGame:87 - Направление змейки изменено на ВЛЕВО
2024-12-12 18:27:25 INFO  SnakeGame:84 - Направление змейки изменено на ВНИЗ
2024-12-12 18:27:26 INFO  SnakeGame:90 - Направление змейки изменено на ВПРАВО
2024-12-12 18:27:26 INFO  SnakeGame:81 - Направление змейки изменено на ВВЕРХ
2024-12-12 18:27:26 INFO  SnakeGame:87 - Направление змейки изменено на ВЛЕВО
2024-12-12 18:27:26 INFO  SnakeGame:137 - Игра завершена. Показываем окно завершения игры.
2024-12-12 18:27:26 INFO  GameOverWindow:64 - Окно завершения игры отображено.
2024-12-12 18:28:05 INFO  GameOverWindow:46 - Кнопка выхода нажата. Закрытие приложения.
2024-12-12 18:28:10 INFO  MenuScene:70 - Отображена сцена меню.
2024-12-12 18:28:14 INFO  MenuScene:56 - Игра начата с уровнем скорости: 1 и длиной змейки: 16
2024-12-12 18:28:14 INFO  SnakeGame:75 - Игра началась с уровнем скорости: 100000000 и начальной длиной змейки: 16
2024-12-12 18:28:14 INFO  MenuScene:89 - Игра успешно запущена с уровнем скорости: 1 и длиной змейки: 16
2024-12-12 18:28:15 INFO  SnakeGame:81 - Направление змейки изменено на ВВЕРХ
2024-12-12 18:28:16 INFO  SnakeGame:87 - Направление змейки изменено на ВЛЕВО
2024-12-12 18:28:17 INFO  SnakeGame:84 - Направление змейки изменено на ВНИЗ
2024-12-12 18:28:17 INFO  SnakeGame:90 - Направление змейки изменено на ВПРАВО
2024-12-12 18:28:18 INFO  SnakeGame:81 - Направление змейки изменено на ВВЕРХ
2024-12-12 18:28:18 INFO  SnakeGame:87 - Направление змейки изменено на ВЛЕВО
2024-12-12 18:28:19 INFO  SnakeGame:137 - Игра завершена. Показываем окно завершения игры.
2024-12-12 18:28:19 INFO  GameOverWindow:64 - Окно завершения игры отображено.
2024-12-12 18:28:24 INFO  GameOverWindow:46 - Кнопка выхода нажата. Закрытие приложения.
2024-12-12 18:28:29 INFO  MenuScene:70 - Отображена сцена меню.
2024-12-12 18:28:33 INFO  MenuScene:56 - Игра начата с уровнем скорости: 1 и длиной змейки: 10
2024-12-12 18:28:33 INFO  SnakeGame:75 - Игра началась с уровнем скорости: 100000000 и начальной длиной змейки: 10
2024-12-12 18:28:33 INFO  MenuScene:89 - Игра успешно запущена с уровнем скорости: 1 и длиной змейки: 10
2024-12-12 18:28:34 INFO  SnakeGame:81 - Направление змейки изменено на ВВЕРХ
2024-12-12 18:28:34 INFO  SnakeGame:87 - Направление змейки изменено на ВЛЕВО
2024-12-12 18:28:35 INFO  SnakeGame:84 - Направление змейки изменено на ВНИЗ
2024-12-12 18:28:36 INFO  SnakeGame:90 - Направление змейки изменено на ВПРАВО
2024-12-12 18:28:36 INFO  SnakeGame:81 - Направление змейки изменено на ВВЕРХ
2024-12-12 18:28:36 INFO  SnakeGame:87 - Направление змейки изменено на ВЛЕВО
2024-12-12 18:28:36 INFO  SnakeGame:137 - Игра завершена. Показываем окно завершения игры.
2024-12-12 18:28:36 INFO  GameOverWindow:64 - Окно завершения игры отображено.
2024-12-12 18:28:45 INFO  GameOverWindow:46 - Кнопка выхода нажата. Закрытие приложения.
2024-12-12 19:02:13 INFO  MenuScene:70 - Отображена сцена меню.
2024-12-12 19:02:15 INFO  MenuScene:56 - Игра начата с уровнем скорости: 1 и длиной змейки: 14
2024-12-12 19:02:15 INFO  SnakeGame:75 - Игра началась с уровнем скорости: 100000000 и начальной длиной змейки: 14
2024-12-12 19:02:15 INFO  MenuScene:89 - Игра успешно запущена с уровнем скорости: 1 и длиной змейки: 14
2024-12-12 19:02:15 INFO  SnakeGame:90 - Направление змейки изменено на ВПРАВО
2024-12-12 19:02:16 INFO  SnakeGame:81 - Направление змейки изменено на ВВЕРХ
2024-12-12 19:02:17 INFO  SnakeGame:87 - Направление змейки изменено на ВЛЕВО
2024-12-12 19:02:20 INFO  SnakeGame:81 - Направление змейки изменено на ВВЕРХ
2024-12-12 19:02:21 INFO  SnakeGame:90 - Направление змейки изменено на ВПРАВО
2024-12-12 19:02:21 INFO  SnakeGame:84 - Направление змейки изменено на ВНИЗ
2024-12-12 19:02:21 INFO  SnakeGame:137 - Игра завершена. Показываем окно завершения игры.
2024-12-12 19:02:21 INFO  GameOverWindow:64 - Окно завершения игры отображено.
2024-12-12 19:02:22 INFO  GameOverWindow:46 - Кнопка выхода нажата. Закрытие приложения.
